<?xml version="1.0" encoding="UTF-8"?>
<testsuite name="com.midnight.kuira.core.connector.ConnectedAPIHandlerTest" tests="11" skipped="0" failures="0" errors="0" timestamp="2026-04-03T03:20:51.737Z" hostname="MB-Mamalon.local" time="0.059">
  <properties/>
  <testcase name="getShieldedAddresses returns address and keys" classname="com.midnight.kuira.core.connector.ConnectedAPIHandlerTest" time="0.004"/>
  <testcase name="getDustBalance delegates to provider" classname="com.midnight.kuira.core.connector.ConnectedAPIHandlerTest" time="0.047"/>
  <testcase name="getUnshieldedAddress returns wallet address" classname="com.midnight.kuira.core.connector.ConnectedAPIHandlerTest" time="0.0"/>
  <testcase name="getUnshieldedBalances delegates to provider" classname="com.midnight.kuira.core.connector.ConnectedAPIHandlerTest" time="0.001"/>
  <testcase name="hintUsage does not throw" classname="com.midnight.kuira.core.connector.ConnectedAPIHandlerTest" time="0.004"/>
  <testcase name="getUnshieldedBalances returns empty when no provider" classname="com.midnight.kuira.core.connector.ConnectedAPIHandlerTest" time="0.001"/>
  <testcase name="getConfiguration returns correct network config" classname="com.midnight.kuira.core.connector.ConnectedAPIHandlerTest" time="0.0"/>
  <testcase name="getDustAddress returns dust address" classname="com.midnight.kuira.core.connector.ConnectedAPIHandlerTest" time="0.0"/>
  <testcase name="getDustBalance returns zero when no provider" classname="com.midnight.kuira.core.connector.ConnectedAPIHandlerTest" time="0.001"/>
  <testcase name="getShieldedBalances delegates to provider" classname="com.midnight.kuira.core.connector.ConnectedAPIHandlerTest" time="0.001"/>
  <testcase name="getConnectionStatus returns connected with network id" classname="com.midnight.kuira.core.connector.ConnectedAPIHandlerTest" time="0.0"/>
  <system-out><![CDATA[]]></system-out>
  <system-err><![CDATA[]]></system-err>
</testsuite>
