<?xml version='1.0' encoding='UTF-8' ?>
<testsuite name="com.midnight.kuira.core.compact.QuickJsProofOfConceptTest" tests="5" failures="0" errors="0" skipped="0" time="0.309" timestamp="2026-04-04T16:57:53" hostname="localhost">
  <properties>
    <property name="device" value="Pixel_9a(AVD) - 16" />
    <property name="flavor" value="" />
    <property name="project" value=":core:compact-engine" />
  </properties>
  <testcase name="quickjs_handlesStrings" classname="com.midnight.kuira.core.compact.QuickJsProofOfConceptTest" time="0.004" />
  <testcase name="quickjs_nativeFunctionWithArgs" classname="com.midnight.kuira.core.compact.QuickJsProofOfConceptTest" time="0.0" />
  <testcase name="quickjs_nativeFunctionCallback" classname="com.midnight.kuira.core.compact.QuickJsProofOfConceptTest" time="0.0" />
  <testcase name="quickjs_handlesJsonObjects" classname="com.midnight.kuira.core.compact.QuickJsProofOfConceptTest" time="0.002" />
  <testcase name="quickjs_evaluatesBasicJs" classname="com.midnight.kuira.core.compact.QuickJsProofOfConceptTest" time="0.001" />
</testsuite>